
=====================================================
LOGGING FROM [2021-10-11 04:55:42] 2021-10-11
=====================================================

=========================
{1} Setup
=========================
[1] "Use cached dataset? FALSE"
[1] "Found Liver.rds (C:/Users/effen/OneDrive/Documents/RIT/STAT 745/Homework/HW3/data/Liver.rds). Removing dataset file..."
[1] "No file 'Liver.csv' exists at the specified location (C:/Users/effen/OneDrive/Documents/RIT/STAT 745/Homework/HW3/data-raw/Liver.csv)."
[1] "Removing 'liver'..."
[1] "Removing 'liver.filepaths'..."
[1] "Removing 'liver.colnames'..."
[1] "Removing 'liver.coltypes'..."
[1] "Removing 'import.liver'..."
[1] "Removing 'read.liver'..."
[1] "Removing 'cache.liver'..."
[1] "Removing 'get.liver'..."
[1] "Clean completed. Run `make.dataset()` to rebuild dataset."
[1] "Loading 'liver'..."
[1] "Importing dataset..."
[1] "No dataset exists at path. Attempting to import from source..."
[1] "Updating data cache..."
[1] "Parsing dataset from local file..."
[1] "Reading dataset from source text file..."
[1mindexing[0m [34mLiver.txt[0m [====================================================] [32m7.68MB/s[0m, eta: [36m 0s[0m                                                                                                                               [1] "Done."
[1] "Save successful."
[1] "Parsing dataset from local file..."
[1] "Reading dataset from compressed cache file..."
[1] "Done."
[1] "Dataset imported."
[1] "Registered target dataset to global environment. Access using 'liver'."
[1] "Use 'liver' to access underlying tbl_df."
[1] "Dataset of type: 'tbl_df/tbl/data.frame'."
[1] "Recoding the response in the dataset..."
    blood.1          blood.2          blood.3          blood.4         blood.5      
 Min.   : 65.00   Min.   : 23.00   Min.   :  4.00   Min.   : 5.00   Min.   :  5.00  
 1st Qu.: 87.00   1st Qu.: 57.00   1st Qu.: 19.00   1st Qu.:19.00   1st Qu.: 15.00  
 Median : 90.00   Median : 67.00   Median : 26.00   Median :23.00   Median : 25.00  
 Mean   : 90.16   Mean   : 69.87   Mean   : 30.41   Mean   :24.64   Mean   : 38.28  
 3rd Qu.: 93.00   3rd Qu.: 80.00   3rd Qu.: 34.00   3rd Qu.:27.00   3rd Qu.: 46.00  
 Max.   :103.00   Max.   :138.00   Max.   :155.00   Max.   :82.00   Max.   :297.00  
     drinks             severity  
 Min.   : 0.000   Not Severe:200  
 1st Qu.: 0.500   Severe    :145  
 Median : 3.000                   
 Mean   : 3.455                   
 3rd Qu.: 6.000                   
 Max.   :20.000                   
[1] "Extracting positive class labels..."
   Mode   FALSE    TRUE 
logical     200     145 
=========================
{2} EDA
=========================
[1] "Shape of data: (345, 7)"
[1] "Summary of features: "
    blood.1          blood.2          blood.3          blood.4         blood.5      
 Min.   : 65.00   Min.   : 23.00   Min.   :  4.00   Min.   : 5.00   Min.   :  5.00  
 1st Qu.: 87.00   1st Qu.: 57.00   1st Qu.: 19.00   1st Qu.:19.00   1st Qu.: 15.00  
 Median : 90.00   Median : 67.00   Median : 26.00   Median :23.00   Median : 25.00  
 Mean   : 90.16   Mean   : 69.87   Mean   : 30.41   Mean   :24.64   Mean   : 38.28  
 3rd Qu.: 93.00   3rd Qu.: 80.00   3rd Qu.: 34.00   3rd Qu.:27.00   3rd Qu.: 46.00  
 Max.   :103.00   Max.   :138.00   Max.   :155.00   Max.   :82.00   Max.   :297.00  
     drinks      
 Min.   : 0.000  
 1st Qu.: 0.500  
 Median : 3.000  
 Mean   : 3.455  
 3rd Qu.: 6.000  
 Max.   :20.000  
[1] "Summary of response: "
       severity  
 Not Severe:200  
 Severe    :145  
[1] "Label counts: "
$pos
[1] 145

$neg
[1] 200

$total
[1] 345

[1] "Class prior probabilities: "
$pos
[1] 0.4202899

$neg
[1] 0.5797101

[1] "Feature correlation matrix: "
          blood.1    blood.2    blood.3   blood.4   blood.5    drinks
blood.1 1.0000000 0.04410300 0.14769505 0.1877652 0.2223145 0.3126796
blood.2 0.0441030 1.00000000 0.07620761 0.1460565 0.1331404 0.1007961
blood.3 0.1476950 0.07620761 1.00000000 0.7396749 0.5034353 0.2068479
blood.4 0.1877652 0.14605655 0.73967487 1.0000000 0.5276259 0.2795878
blood.5 0.2223145 0.13314040 0.50343525 0.5276259 1.0000000 0.3412240
drinks  0.3126796 0.10079606 0.20684793 0.2795878 0.3412240 1.0000000
[1] "RStudio... Check View pane for plot."
=========================
{3} Baseline Model Fitting
=========================
[1] "Summary of baseline glm: "

Call:
"fit.model(.data, algorithm = algorithm, params = params)"

Deviance Residuals: 
    Min       1Q   Median       3Q      Max  
-1.9635  -0.9652  -0.5912   1.0482   2.4190  

Coefficients:
             Estimate Std. Error z value Pr(>|z|)    
(Intercept) -5.990258   2.685458  -2.231 0.025706 *  
blood.1      0.063984   0.029645   2.158 0.030901 *  
blood.2      0.019525   0.006759   2.889 0.003870 ** 
blood.3      0.064106   0.012300   5.212 1.87e-07 ***
blood.4     -0.123198   0.024273  -5.076 3.86e-07 ***
blood.5     -0.018947   0.005602  -3.382 0.000719 ***
drinks       0.068080   0.040380   1.686 0.091795 .  
---
Signif. codes:  0 ‘***’ 0.001 ‘**’ 0.01 ‘*’ 0.05 ‘.’ 0.1 ‘ ’ 1

(Dispersion parameter for binomial family taken to be 1)

    Null deviance: 469.47  on 344  degrees of freedom
Residual deviance: 411.01  on 338  degrees of freedom
AIC: 425.01

Number of Fisher Scoring iterations: 5

[1] "Baseline error rate: 0.330434782608696"
[1] "Baseline Classification Table: "
            truth
predictions  Not Severe Severe
  Not Severe        129     43
  Severe             71    102
[1] "Summary of optimal error rates: "
              Length Class  Mode   
errors        435    -none- numeric
thresholds    145    -none- numeric
probabilities 345    -none- numeric
truth         345    -none- logical
[1] "Classification Table in optimal case: "
                   truth
optimal_predictions Not Severe Severe
         Not Severe        170     68
         Severe             30     77
=========================
{4} 10-fold CV
=========================
[1] "calc.cv.error.rates(.data, truth, algorithm = algorithm, params = params, k = k, rounds = rounds, m = m, )"
[1] "algorithm"  "k"          "m"          "params"     "rounds"     "thresholds"
[7] "truth"     
[1] "---------------------------"
[1] "Performing 10-fold CV:"
[1] "# Samples: 345"
[1] "# Thresholds: 100"
[1] "# k folds: 10 || # rounds: 100"
[1] "---------------------------"
tibble [100 x 4] (S3: tbl_df/tbl/data.frame)
 $ total.err : num [1:100] 0.58 0.571 0.567 0.562 0.558 ...
 $ ci.low    : num [1:100] 0.574 0.565 0.561 0.557 0.552 ...
 $ ci.high   : num [1:100] 0.585 0.576 0.572 0.567 0.563 ...
 $ thresholds: num [1:100] 0 0.0101 0.0202 0.0303 0.0404 ...
tibble [300 x 4] (S3: tbl_df/tbl/data.frame)
 $ thresholds: num [1:300] 0 0 0 0.0101 0.0101 ...
 $ category  : chr [1:300] "total.err" "ci.low" "ci.high" "total.err" ...
 $ error     : num [1:300] 0.58 0.574 0.585 0.571 0.565 ...
 $ linetype  : logi [1:300] TRUE FALSE FALSE TRUE FALSE FALSE ...
[1] "---------------------------"
[1] "Calculating 10-fold CV table:"
[1] "# Samples: 345"
[1] "# Threshold: 0.525252525252525"
[1] "# k folds: 10 || # rounds: 100"
[1] "---------------------------"
                      Length Class  Mode   
results                  2   -none- list   
plot                     2   -none- list   
optimal_threshold        1   -none- numeric
confusion_mat         4000   -none- numeric
confusion_mat_summary    2   -none- list   
$plot

$optimal_threshold
[1] 0.5252525

=========================
{5} 3-fold CV
=========================
[1] "calc.cv.error.rates(.data, truth, algorithm = algorithm, params = params, k = k, rounds = rounds, m = m, )"
[1] "algorithm"  "k"          "m"          "params"     "rounds"     "thresholds"
[7] "truth"     
[1] "---------------------------"
[1] "Performing 3-fold CV:"
[1] "# Samples: 345"
[1] "# Thresholds: 100"
[1] "# k folds: 3 || # rounds: 100"
[1] "---------------------------"
tibble [100 x 4] (S3: tbl_df/tbl/data.frame)
 $ total.err : num [1:100] 0.58 0.569 0.566 0.561 0.557 ...
 $ ci.low    : num [1:100] 0.575 0.565 0.561 0.556 0.552 ...
 $ ci.high   : num [1:100] 0.584 0.574 0.57 0.565 0.561 ...
 $ thresholds: num [1:100] 0 0.0101 0.0202 0.0303 0.0404 ...
tibble [300 x 4] (S3: tbl_df/tbl/data.frame)
 $ thresholds: num [1:300] 0 0 0 0.0101 0.0101 ...
 $ category  : chr [1:300] "total.err" "ci.low" "ci.high" "total.err" ...
 $ error     : num [1:300] 0.58 0.575 0.584 0.569 0.565 ...
 $ linetype  : logi [1:300] TRUE FALSE FALSE TRUE FALSE FALSE ...
[1] "---------------------------"
[1] "Calculating 3-fold CV table:"
[1] "# Samples: 345"
[1] "# Threshold: 0.535353535353535"
[1] "# k folds: 3 || # rounds: 100"
[1] "---------------------------"
                      Length Class  Mode   
results                  2   -none- list   
plot                     2   -none- list   
optimal_threshold        1   -none- numeric
confusion_mat         1200   -none- numeric
confusion_mat_summary    2   -none- list   
$plot

$optimal_threshold
[1] 0.5353535


END OF LOGGING...

